[debug] [2026-06-03T08:09:31.977Z] ----------------------------------------------------------------------
[debug] [2026-06-03T08:09:31.980Z] Command:       C:\Program Files\nodejs\node.exe C:\Users\E092557\AppData\Roaming\npm\node_modules\firebase-tools\lib\bin\firebase.js init functions
[debug] [2026-06-03T08:09:31.980Z] CLI Version:   15.14.0
[debug] [2026-06-03T08:09:31.981Z] Platform:      win32
[debug] [2026-06-03T08:09:31.981Z] Node Version:  v22.15.1
[debug] [2026-06-03T08:09:31.981Z] Time:          Wed Jun 03 2026 11:09:31 GMT+0300 (Eastern European Summer Time)
[debug] [2026-06-03T08:09:31.981Z] ----------------------------------------------------------------------
[debug] 
[debug] [2026-06-03T08:09:31.984Z] >>> [apiv2][query] GET https://firebase-public.firebaseio.com/cli.json [none]
[info] 
     ######## #### ########  ######## ########     ###     ######  ########
     ##        ##  ##     ## ##       ##     ##  ##   ##  ##       ##
     ######    ##  ########  ######   ########  #########  ######  ######
     ##        ##  ##    ##  ##       ##     ## ##     ##       ## ##
     ##       #### ##     ## ######## ########  ##     ##  ######  ########

You're about to initialize a Firebase project in this directory:

  C:\Users\E092557\Documents\applicationverdikt

[debug] [2026-06-03T08:09:34.621Z] *** [apiv2] error from fetch(https://firebase-public.firebaseio.com/cli.json, {"headers":{},"method":"GET"}): FetchError: request to https://firebase-public.firebaseio.com/cli.json failed, reason: self-signed certificate in certificate chain
[warn] !  Unable to fetch the CLI MOTD and remote config. This is not a fatal error, but may indicate an issue with your network connection. 
[debug] [2026-06-03T08:09:34.622Z] Failed to fetch MOTD FirebaseError: Failed to make request to https://firebase-public.firebaseio.com/cli.json
[debug] [2026-06-03T08:09:37.723Z] ExitPromptError: User force closed the prompt with SIGINT
    at Interface.sigint (C:\Users\E092557\AppData\Roaming\npm\node_modules\firebase-tools\node_modules\@inquirer\core\dist\commonjs\lib\create-prompt.js:101:37)
    at Interface.emit (node:events:518:28)
    at [_ttyWrite] [as _ttyWrite] (node:internal/readline/interface:1128:18)
    at ReadStream.onkeypress (node:internal/readline/interface:267:20)
    at ReadStream.emit (node:events:530:35)
    at emitKeys (node:internal/readline/utils:370:14)
    at emitKeys.next (<anonymous>)
    at ReadStream.onData (node:internal/readline/emitKeypressEvents:64:36)
    at ReadStream.emit (node:events:518:28)
    at addChunk (node:internal/streams/readable:561:12)
[error] 
[error] Error: An unexpected error has occurred.
